2024-09-02 17:06:18,825 - db_helper - INFO - fetch_expenses_for_date called with 2024-08-01
2024-09-02 17:06:19,085 - db_helper - INFO - fetch_expense_summary called with start: 2024-08-01 end: 2024-08-05
2024-09-02 17:06:47,394 - db_helper - INFO - fetch_expenses_for_date called with 2024-09-30
2024-09-02 17:06:47,463 - db_helper - INFO - fetch_expense_summary called with start: 2024-08-01 end: 2024-08-05
2024-09-02 17:07:46,664 - db_helper - INFO - fetch_expenses_for_date called with 2024-09-30
2024-09-02 17:07:46,707 - db_helper - INFO - fetch_expense_summary called with start: 2024-08-01 end: 2024-08-05
2024-09-02 17:12:07,162 - db_helper - INFO - fetch_expenses_for_date called with 2024-08-01
2024-09-02 17:12:34,865 - db_helper - INFO - delete_expenses_for_date called with 2024-08-28
2024-09-02 17:12:34,893 - db_helper - INFO - insert_expense called with date: 2024-08-28, amount: 23.0, category: Shopping, notes: Bought a mercedez car
2024-09-03 13:09:25,792 - db_helper - INFO - fetch_expenses_for_date called with 2024-08-02
2024-09-03 13:14:13,453 - db_helper - INFO - fetch_expenses_for_date called with 2024-08-02
2024-09-03 13:14:40,070 - db_helper - INFO - fetch_expenses_for_date called with 2024-08-02
2024-09-03 13:15:46,497 - db_helper - INFO - fetch_expenses_for_date called with 2024-08-02
2024-09-03 13:16:01,748 - db_helper - INFO - fetch_expenses_for_date called with 2024-08-02
2024-09-03 13:18:09,655 - db_helper - INFO - fetch_expenses_for_date called with 2024-08-01
2024-09-03 13:19:12,044 - db_helper - INFO - fetch_expenses_for_date called with 2024-08-01
2024-09-03 13:20:07,878 - db_helper - INFO - fetch_expenses_for_date called with 2024-08-01
2024-09-03 13:20:18,908 - db_helper - INFO - fetch_expenses_for_date called with 2024-08-01
2024-09-03 13:23:28,920 - db_helper - INFO - fetch_expenses_for_date called with 2024-08-01
2024-09-03 13:24:40,488 - db_helper - INFO - fetch_expenses_for_date called with 2024-08-01
2024-09-03 13:24:42,618 - db_helper - INFO - delete_expenses_for_date called with 2024-08-01
2024-09-03 13:24:42,647 - db_helper - INFO - insert_expense called with date: 2024-08-01, amount: 1340.0, category: Rent, notes: Monthly rent payment
2024-09-03 13:24:42,658 - db_helper - INFO - insert_expense called with date: 2024-08-01, amount: 300.0, category: Food, notes: Groceries for the week
2024-09-03 13:24:42,664 - db_helper - INFO - insert_expense called with date: 2024-08-01, amount: 1200.0, category: Rent, notes: Monthly rent payment
2024-09-03 13:24:42,670 - db_helper - INFO - insert_expense called with date: 2024-08-01, amount: 300.0, category: Food, notes: Groceries for the week
2024-09-03 13:24:42,675 - db_helper - INFO - insert_expense called with date: 2024-08-01, amount: 20.0, category: Shopping, notes: Bought dairy milk chocolate
2024-09-03 13:25:30,234 - db_helper - INFO - fetch_expenses_for_date called with 2024-08-01
2024-09-03 13:25:35,277 - db_helper - INFO - fetch_expenses_for_date called with 2024-08-02
2024-09-03 13:25:39,836 - db_helper - INFO - fetch_expenses_for_date called with 2024-08-16
2024-09-03 13:41:40,040 - db_helper - INFO - fetch_expenses_for_date called with 2024-08-02
2024-09-03 13:42:43,656 - db_helper - INFO - fetch_expenses_for_date called with 2024-08-02
2024-09-03 13:43:46,494 - db_helper - INFO - fetch_expenses_for_date called with 2024-08-02
2024-09-03 13:43:51,431 - db_helper - INFO - fetch_expenses_for_date called with 2024-08-01
2024-09-03 13:43:55,008 - db_helper - INFO - fetch_expenses_for_date called with 2024-08-01
2024-09-03 13:49:44,387 - db_helper - INFO - fetch_expenses_for_date called with 2024-08-01
2024-09-03 13:51:02,499 - db_helper - INFO - fetch_expenses_for_date called with 2024-08-01
2024-09-03 13:52:03,370 - db_helper - INFO - fetch_expenses_for_date called with 2024-08-01
2024-09-03 13:53:26,743 - db_helper - INFO - fetch_expenses_for_date called with 2024-08-01
2024-09-03 13:54:03,659 - db_helper - INFO - fetch_expenses_for_date called with 2024-08-01
2024-09-03 13:57:37,265 - db_helper - INFO - fetch_expenses_for_date called with 2024-08-01
2024-09-03 13:59:03,489 - db_helper - INFO - fetch_expenses_for_date called with 2024-08-01
2024-09-03 14:00:04,391 - db_helper - INFO - fetch_expenses_for_date called with 2024-08-01
2024-09-03 14:01:07,377 - db_helper - INFO - fetch_expenses_for_date called with 2024-08-01
2024-09-03 14:01:34,920 - db_helper - INFO - fetch_expenses_for_date called with 2024-08-01
2024-09-03 14:01:47,824 - db_helper - INFO - fetch_expenses_for_date called with 2024-08-01
2024-09-03 14:02:43,817 - db_helper - INFO - fetch_expenses_for_date called with 2024-08-01
2024-09-03 14:02:49,061 - db_helper - INFO - fetch_expenses_for_date called with 2024-08-02
2024-09-03 14:02:54,091 - db_helper - INFO - fetch_expenses_for_date called with 2024-08-07
2024-09-03 14:08:01,017 - db_helper - INFO - fetch_expenses_for_date called with 2024-08-07
2024-09-03 14:08:39,479 - db_helper - INFO - fetch_expenses_for_date called with 2024-08-07
2024-09-03 14:08:41,555 - db_helper - INFO - delete_expenses_for_date called with 2024-08-07
2024-09-03 14:08:41,565 - db_helper - INFO - insert_expense called with date: 2024-08-07, amount: 20.0, category: Shopping, notes: bought coconut
2024-09-03 14:08:41,581 - db_helper - INFO - insert_expense called with date: 2024-08-07, amount: 10.0, category: Shopping, notes: bought hair oild
2024-09-03 14:08:41,586 - db_helper - INFO - insert_expense called with date: 2024-08-07, amount: 40.0, category: Food, notes: ate pakoda
2024-09-03 14:09:05,902 - db_helper - INFO - fetch_expenses_for_date called with 2024-08-01
2024-09-03 14:09:10,568 - db_helper - INFO - fetch_expenses_for_date called with 2024-08-07
2024-09-03 14:24:39,169 - db_helper - INFO - fetch_expense_summary called with start: 2024-08-01 end: 2024-08-05
2024-09-03 14:30:03,443 - db_helper - INFO - fetch_expense_summary called with start: 2024-08-01 end: 2024-08-05
2024-09-03 14:40:30,568 - db_helper - INFO - fetch_expenses_for_date called with 2024-08-01
2024-09-03 14:41:21,967 - db_helper - INFO - fetch_expenses_for_date called with 2024-08-01
2024-09-03 14:43:12,325 - db_helper - INFO - fetch_expenses_for_date called with 2024-08-01
2024-09-03 14:43:15,409 - db_helper - INFO - fetch_expenses_for_date called with 2024-08-01
2024-09-03 14:43:17,491 - db_helper - INFO - fetch_expense_summary called with start: 2024-08-01 end: 2024-08-05
2024-09-03 14:44:48,321 - db_helper - INFO - fetch_expenses_for_date called with 2024-08-01
2024-09-03 14:44:51,086 - db_helper - INFO - fetch_expenses_for_date called with 2024-08-01
2024-09-03 14:44:53,165 - db_helper - INFO - fetch_expense_summary called with start: 2024-08-01 end: 2024-08-05
2024-09-03 14:45:51,488 - db_helper - INFO - fetch_expenses_for_date called with 2024-08-01
2024-09-03 14:45:54,316 - db_helper - INFO - fetch_expenses_for_date called with 2024-08-01
2024-09-03 14:45:56,444 - db_helper - INFO - fetch_expense_summary called with start: 2024-08-01 end: 2024-08-05
2024-09-03 14:47:15,077 - db_helper - INFO - fetch_expenses_for_date called with 2024-08-01
2024-09-03 14:47:18,864 - db_helper - INFO - fetch_expenses_for_date called with 2024-08-01
2024-09-03 14:47:20,907 - db_helper - INFO - fetch_expense_summary called with start: 2024-08-01 end: 2024-08-05
2024-09-03 14:49:43,199 - db_helper - INFO - fetch_expenses_for_date called with 2024-08-01
2024-09-03 14:49:49,055 - db_helper - INFO - fetch_expenses_for_date called with 2024-08-01
2024-09-03 14:49:51,142 - db_helper - INFO - fetch_expense_summary called with start: 2024-08-01 end: 2024-08-05
2024-09-03 14:50:31,492 - db_helper - INFO - fetch_expenses_for_date called with 2024-08-01
2024-09-03 14:50:34,719 - db_helper - INFO - fetch_expenses_for_date called with 2024-08-01
2024-09-03 14:50:36,818 - db_helper - INFO - fetch_expense_summary called with start: 2024-08-01 end: 2024-08-05
2024-09-03 16:59:07,583 - db_helper - INFO - fetch_expenses_for_date called with 2024-08-01
2024-09-03 16:59:08,307 - db_helper - INFO - fetch_expenses_for_date called with 2024-08-07
2024-09-03 18:04:04,740 - db_helper - INFO - fetch_expenses_for_date called with 2024-08-16
2024-09-03 18:04:09,935 - db_helper - INFO - fetch_expenses_for_date called with 2024-08-17
2024-09-03 18:04:14,123 - db_helper - INFO - fetch_expenses_for_date called with 2024-08-15
2024-09-03 18:04:23,283 - db_helper - INFO - fetch_expenses_for_date called with 2024-08-15
2024-09-03 18:04:25,333 - db_helper - INFO - delete_expenses_for_date called with 2024-08-15
2024-09-03 18:04:30,552 - db_helper - INFO - fetch_expenses_for_date called with 2024-08-16
2024-09-03 18:04:34,641 - db_helper - INFO - fetch_expenses_for_date called with 2024-08-15
2025-07-31 17:05:59,223 - db_helper - INFO - fetch_expenses_for_date called with 2024-08-01
2025-07-31 17:07:06,040 - db_helper - INFO - fetch_expenses_for_date called with 2024-08-01
2025-07-31 17:13:25,060 - db_helper - INFO - fetch_expenses_for_date called with 2024-08-02
2025-07-31 17:14:46,733 - db_helper - INFO - fetch_expenses_for_date called with 2024-08-02
2025-08-29 21:43:39,368 - db_helper - INFO - fetch_expenses_for_date called with 2024-08-02
2025-08-29 21:45:53,007 - db_helper - INFO - fetch_expenses_for_date called with 2024-08-01
2025-08-29 21:46:05,410 - db_helper - INFO - fetch_expenses_for_date called with 2024-08-01
2025-08-29 21:46:05,474 - db_helper - INFO - delete_expenses_for_date called with 2024-08-01
2025-08-29 21:46:05,521 - db_helper - INFO - insert_expense called with date: 2024-08-01, amount: 1500.0, category: Rent, notes: Monthly rent payment
2025-08-29 21:46:05,552 - db_helper - INFO - insert_expense called with date: 2024-08-01, amount: 300.0, category: Food, notes: Groceries for the week
2025-08-29 21:46:05,580 - db_helper - INFO - insert_expense called with date: 2024-08-01, amount: 1200.0, category: Rent, notes: Monthly rent payment
2025-08-29 21:46:05,607 - db_helper - INFO - insert_expense called with date: 2024-08-01, amount: 300.0, category: Food, notes: Groceries for the week
2025-08-29 23:46:32,316 - db_helper - INFO - fetch_expenses_for_date called with 2024-08-01
2025-08-29 23:46:32,365 - db_helper - INFO - delete_expenses_for_date called with 2024-08-01
2025-08-29 23:46:32,398 - db_helper - INFO - insert_expense called with date: 2024-08-01, amount: 1500.0, category: Rent, notes: Monthly rent Toronto
2025-08-29 23:46:32,428 - db_helper - INFO - insert_expense called with date: 2024-08-01, amount: 300.0, category: Food, notes: Groceries for the week
2025-08-29 23:46:32,453 - db_helper - INFO - insert_expense called with date: 2024-08-01, amount: 1200.0, category: Rent, notes: Monthly rent payment
2025-08-29 23:46:32,478 - db_helper - INFO - insert_expense called with date: 2024-08-01, amount: 300.0, category: Food, notes: Groceries for the week
2025-08-29 23:46:39,495 - db_helper - INFO - fetch_expenses_for_date called with 2024-08-01
2025-08-29 23:46:39,546 - db_helper - INFO - delete_expenses_for_date called with 2024-08-01
2025-08-29 23:46:39,577 - db_helper - INFO - insert_expense called with date: 2024-08-01, amount: 1500.0, category: Rent, notes: Monthly rent Toronto
2025-08-29 23:46:39,609 - db_helper - INFO - insert_expense called with date: 2024-08-01, amount: 300.0, category: Food, notes: Groceries for the week
2025-08-29 23:46:39,637 - db_helper - INFO - insert_expense called with date: 2024-08-01, amount: 1200.0, category: Rent, notes: Monthly rent payment
2025-08-29 23:46:39,659 - db_helper - INFO - insert_expense called with date: 2024-08-01, amount: 300.0, category: Food, notes: Groceries for the week
2025-08-29 23:46:44,797 - db_helper - INFO - fetch_expenses_for_date called with 2024-08-01
2025-08-29 23:46:52,073 - db_helper - INFO - fetch_expenses_for_date called with 2024-08-01
2025-08-29 23:46:53,410 - db_helper - INFO - fetch_expenses_for_date called with 2024-08-01
2025-08-29 23:46:53,465 - db_helper - INFO - fetch_expense_summary called with start: 2024-08-01 end: 2024-08-01
2025-08-29 23:49:32,634 - db_helper - INFO - fetch_expenses_for_date called with 2024-08-01
2025-08-29 23:53:22,275 - db_helper - INFO - fetch_expenses_for_date called with 2024-08-01
2025-08-29 23:53:38,279 - db_helper - INFO - fetch_expenses_for_date called with 2024-08-01
2025-08-29 23:55:24,907 - db_helper - INFO - fetch_expenses_for_date called with 2024-08-01
2025-08-29 23:55:36,293 - db_helper - INFO - fetch_expenses_for_date called with 2024-08-02
2025-08-29 23:56:07,370 - db_helper - INFO - fetch_expenses_for_date called with 2024-08-01
2025-09-02 06:04:17,255 - db_helper - INFO - fetch_expenses_for_date called with 2024-08-01
2025-09-02 07:20:39,309 - db_helper - INFO - fetch_expenses_for_date called with 2024-08-01
2025-09-02 07:20:39,360 - db_helper - INFO - delete_expenses_for_date called with 2024-08-01
2025-09-02 07:20:39,391 - db_helper - INFO - insert_expense called with date: 2024-08-01, amount: 2000.0, category: Rent, notes: new rent
2025-09-02 07:20:39,414 - db_helper - INFO - insert_expense called with date: 2024-08-01, amount: 300.0, category: Food, notes: 
2025-09-02 07:21:09,742 - db_helper - INFO - fetch_expenses_for_date called with 2025-09-01
2025-09-02 07:21:23,971 - db_helper - INFO - fetch_expenses_for_date called with 2025-09-01
2025-09-02 07:21:24,021 - db_helper - INFO - delete_expenses_for_date called with 2025-09-01
2025-09-02 07:21:24,039 - db_helper - INFO - insert_expense called with date: 2025-09-01, amount: 2500.0, category: Rent, notes: rent
2025-09-02 07:30:03,091 - db_helper - INFO - fetch_expenses_for_date called with 2025-09-01
2025-09-02 07:30:03,146 - db_helper - INFO - delete_expenses_for_date called with 2025-09-01
2025-09-02 07:30:03,172 - db_helper - INFO - insert_expense called with date: 2025-09-01, amount: 2500.0, category: Rent, notes: rent
2025-09-02 07:30:23,566 - db_helper - INFO - fetch_expenses_for_date called with 2025-09-01
2025-09-02 07:30:25,449 - db_helper - INFO - fetch_expenses_for_date called with 2025-09-01
2025-09-02 07:30:25,493 - db_helper - INFO - delete_expenses_for_date called with 2025-09-01
2025-09-02 07:30:25,515 - db_helper - INFO - insert_expense called with date: 2025-09-01, amount: 1500.0, category: Rent, notes: new rent
2025-09-02 09:53:35,759 - db_helper - INFO - fetch_expenses_for_date called with 2024-08-01
2025-09-02 09:53:44,890 - db_helper - INFO - fetch_expenses_for_date called with 2025-09-01
2025-09-02 09:54:58,952 - db_helper - INFO - fetch_expenses_for_date called with 2025-09-02
2025-09-02 09:55:07,323 - db_helper - INFO - fetch_expenses_for_date called with 2025-09-02
2025-09-02 09:55:38,878 - db_helper - INFO - fetch_expenses_for_date called with 2025-09-02
2025-09-02 09:55:46,420 - db_helper - INFO - fetch_expenses_for_date called with 2025-09-02
2025-09-02 09:56:20,808 - db_helper - INFO - delete_expenses_for_date called with 2025-09-02
2025-09-02 09:56:20,829 - db_helper - INFO - insert_expense called with date: 2025-09-02, amount: 2500.0, category: Rent, notes: rent for sept
2025-09-02 09:56:35,570 - db_helper - INFO - fetch_expenses_for_date called with 2025-09-02
2025-09-02 12:25:06,881 - db_helper - INFO - fetch_expenses_for_date called with 2024-08-01
2025-09-02 12:25:28,000 - db_helper - INFO - fetch_expenses_for_date called with 2024-08-01
2025-09-02 12:26:01,860 - db_helper - INFO - fetch_expenses_for_date called with 2024-08-01
2025-09-02 12:26:09,358 - db_helper - INFO - fetch_expenses_for_date called with 2025-08-01
2025-09-02 12:26:55,195 - db_helper - INFO - fetch_expenses_for_date called with 2024-08-01
2025-09-02 12:27:23,886 - db_helper - INFO - fetch_expenses_for_date called with 2024-08-01
2025-09-02 12:27:33,424 - db_helper - INFO - fetch_expenses_for_date called with 2025-09-01
2025-09-02 12:39:01,012 - db_helper - INFO - fetch_expenses_for_date called with 2025-09-01
2025-09-02 12:39:06,934 - db_helper - INFO - fetch_expenses_for_date called with 2024-08-01
2025-09-02 12:39:06,983 - db_helper - INFO - fetch_expense_summary called with start: 2024-08-01 end: 2024-08-05
2025-09-02 13:24:24,361 - db_helper - INFO - fetch_expenses_for_date called with 2024-08-01
2025-09-02 13:24:40,412 - db_helper - INFO - fetch_expenses_for_date called with 2024-08-01
2025-09-02 13:32:44,594 - db_helper - INFO - fetch_expenses_for_date called with 2024-08-01
2025-09-02 13:33:48,654 - db_helper - INFO - fetch_expenses_for_date called with 2024-08-01
2025-09-02 13:34:02,924 - db_helper - INFO - fetch_expenses_for_date called with 2024-08-01
2025-09-02 13:34:37,645 - db_helper - INFO - fetch_expenses_for_date called with 2024-08-01
2025-09-02 13:35:07,442 - db_helper - INFO - fetch_expenses_for_date called with 2024-08-01
2025-09-02 13:35:14,257 - db_helper - INFO - fetch_expenses_for_date called with 2024-08-01
2025-09-02 13:35:31,478 - db_helper - INFO - fetch_expenses_for_date called with 2024-08-01
2025-09-02 13:35:48,556 - db_helper - INFO - fetch_expenses_for_date called with 2024-08-01
2025-09-02 13:36:14,992 - db_helper - INFO - fetch_expenses_for_date called with 2024-08-01
2025-09-02 13:38:09,918 - db_helper - INFO - fetch_expenses_for_date called with 2024-08-01
2025-09-02 13:41:56,147 - db_helper - INFO - fetch_expenses_for_date called with 2024-08-01
2025-09-02 13:42:34,822 - db_helper - INFO - fetch_expenses_for_date called with 2024-08-01
2025-09-02 13:42:45,984 - db_helper - INFO - fetch_expenses_for_date called with 2024-08-01
2025-09-02 13:48:42,667 - db_helper - INFO - fetch_expenses_for_date called with 2024-08-01
2025-09-02 13:48:55,644 - db_helper - INFO - fetch_expenses_for_date called with 2024-08-01
2025-09-02 13:49:11,926 - db_helper - INFO - fetch_expenses_for_date called with 2024-08-01
2025-09-02 13:50:33,180 - db_helper - INFO - fetch_expenses_for_date called with 2024-08-01
2025-09-02 13:51:19,640 - db_helper - INFO - fetch_expenses_for_date called with 2024-08-01
2025-09-02 13:51:19,683 - db_helper - INFO - fetch_expense_summary called with start: 2024-08-01 end: 2024-08-05
2025-09-02 13:52:42,914 - db_helper - INFO - fetch_expenses_for_date called with 2024-08-01
2025-09-02 13:52:44,160 - db_helper - INFO - fetch_expenses_for_date called with 2024-08-01
2025-09-02 13:52:44,210 - db_helper - INFO - fetch_expense_summary called with start: 2024-08-01 end: 2024-08-05
2025-09-02 13:53:59,144 - db_helper - INFO - fetch_expenses_for_date called with 2025-10-01
2025-09-02 13:54:32,669 - db_helper - INFO - fetch_expenses_for_date called with 2025-10-01
2025-09-02 13:54:32,714 - db_helper - INFO - delete_expenses_for_date called with 2025-10-01
2025-09-02 13:54:32,731 - db_helper - INFO - insert_expense called with date: 2025-10-01, amount: 2500.0, category: Rent, notes: updated rent oct
2025-09-02 13:54:32,762 - db_helper - INFO - insert_expense called with date: 2025-10-01, amount: 50.0, category: Food, notes: doordash
2025-09-02 13:54:32,792 - db_helper - INFO - insert_expense called with date: 2025-10-01, amount: 100.0, category: Shopping, notes: shoes
2025-09-02 13:54:32,809 - db_helper - INFO - insert_expense called with date: 2025-10-01, amount: 200.0, category: Shopping, notes: t shirt
2025-09-02 13:54:32,828 - db_helper - INFO - insert_expense called with date: 2025-10-01, amount: 25.0, category: Entertainment, notes: movie
2025-09-02 13:58:47,004 - db_helper - INFO - fetch_expenses_for_date called with 2025-10-01
2025-09-02 14:04:41,401 - db_helper - INFO - fetch_expenses_for_date called with 2025-10-01
2025-09-02 14:15:40,658 - db_helper - INFO - fetch_expenses_for_date called with 2025-10-01
2025-09-02 14:18:04,276 - db_helper - INFO - fetch_expenses_for_date called with 2024-08-01
2025-09-02 14:21:33,260 - db_helper - INFO - fetch_expenses_for_date called with 2025-10-01
